0 silly argv {
0 silly argv   _: [ 'run' ],
0 silly argv   lernaVersion: '6.6.2',
0 silly argv   '$0': 'node_modules\\lerna\\dist\\cli.js',
0 silly argv   script: 'build'
0 silly argv }
1 notice cli v6.6.2
2 verbose rootPath C:\code-setup\GraphQL\ts-graphql-core
3 error JSONError: Expected double-quoted property name in JSON at position 337 while parsing '{  "name": "@asadali214/ts-graphql-cor' in packages\graphql-core\package.json
3 error
3 error [0m [90m  9 |[39m     [32m"test"[39m[33m:[39m [32m"jest"[39m[33m,[39m
3 error  [90m 10 |[39m     [32m"build"[39m[33m:[39m [32m"npm run clean && tsc && rollup -c --bundleConfigAsCjs && npm run annotate:es"[39m[33m,[39m
3 error [31m[1m>[22m[39m[90m 11 |[39m   }[33m,[39m
3 error  [90m    |[39m   [31m[1m^[22m[39m
3 error  [90m 12 |[39m   [32m"files"[39m[33m:[39m [[32m"dist"[39m][33m,[39m
3 error  [90m 13 |[39m   [32m"publishConfig"[39m[33m:[39m {
3 error  [90m 14 |[39m     [32m"access"[39m[33m:[39m [32m"public"[39m[0m
3 error
3 error     at parseJson (C:\code-setup\GraphQL\ts-graphql-core\node_modules\parse-json\index.js:29:21)
3 error     at parse (C:\code-setup\GraphQL\ts-graphql-core\node_modules\load-json-file\index.js:15:9)
3 error     at module.exports (C:\code-setup\GraphQL\ts-graphql-core\node_modules\load-json-file\index.js:18:47)
